<?xml version="1.0" encoding="UTF-8"?>
<!-- Generated by org.testng.reporters.JUnitReportReporter -->
<testsuite hostname="Sayid" failures="0" tests="4" name="AutomationLazada.tests.LazadaHomePageTest" time="43.719" errors="0" timestamp="2023-10-11T16:27:57 BDT" skipped="0">
  <testcase classname="AutomationLazada.tests.LazadaHomePageTest" name="loadingTest" time="0.095"/>
  <testcase classname="AutomationLazada.tests.LazadaHomePageTest" name="SuperChargeOutBusinessCountryManuTest" time="29.512"/>
  <testcase classname="AutomationLazada.tests.LazadaHomePageTest" name="NavManuTest" time="7.530"/>
  <testcase classname="AutomationLazada.tests.LazadaHomePageTest" name="ExplorJobsButton" time="6.582"/>
</testsuite> <!-- AutomationLazada.tests.LazadaHomePageTest -->
