<?xml version="1.0" encoding="UTF-8"?>
<!-- Generated by org.testng.reporters.JUnitReportReporter -->
<testsuite hostname="Sayid" failures="0" tests="8" name="AutomationLazada.tests.CareersPageTests" time="62.781" errors="0" timestamp="2023-10-11T16:27:57 BDT" skipped="0">
  <testcase classname="AutomationLazada.tests.CareersPageTests" name="CheckTitle" time="0.019"/>
  <testcase classname="AutomationLazada.tests.CareersPageTests" name="SearchOparetion2" time="8.383"/>
  <testcase classname="AutomationLazada.tests.CareersPageTests" name="SearchOparetion1" time="5.299"/>
  <testcase classname="AutomationLazada.tests.CareersPageTests" name="SearchOparetion4" time="12.175"/>
  <testcase classname="AutomationLazada.tests.CareersPageTests" name="SearchOparetion3" time="8.272"/>
  <testcase classname="AutomationLazada.tests.CareersPageTests" name="PaginationButtonDawn" time="6.284"/>
  <testcase classname="AutomationLazada.tests.CareersPageTests" name="PaginationUperButtons" time="12.468"/>
  <testcase classname="AutomationLazada.tests.CareersPageTests" name="JobDetails" time="9.881"/>
</testsuite> <!-- AutomationLazada.tests.CareersPageTests -->
